Performing C SOURCE FILE Test CMAKE_HAVE_LIBC_PTHREAD failed with the following output:
Change Dir: /home/skylar-xty/Add_Pan/ROS1/ROS--interaction-software-development/ROS-interaction/build/CMakeFiles/CMakeTmp

Run Build Command(s):/usr/bin/make cmTC_33d93/fast && /usr/bin/make  -f CMakeFiles/cmTC_33d93.dir/build.make CMakeFiles/cmTC_33d93.dir/build
make[1]: 进入目录“/home/skylar-xty/Add_Pan/ROS1/ROS--interaction-software-development/ROS-interaction/build/CMakeFiles/CMakeTmp”
Building C object CMakeFiles/cmTC_33d93.dir/src.c.o
/usr/bin/cc   -DCMAKE_HAVE_LIBC_PTHREAD   -o CMakeFiles/cmTC_33d93.dir/src.c.o   -c /home/skylar-xty/Add_Pan/ROS1/ROS--interaction-software-development/ROS-interaction/build/CMakeFiles/CMakeTmp/src.c
Linking C executable cmTC_33d93
/usr/local/bin/cmake -E cmake_link_script CMakeFiles/cmTC_33d93.dir/link.txt --verbose=1
/usr/bin/cc  -DCMAKE_HAVE_LIBC_PTHREAD    -rdynamic CMakeFiles/cmTC_33d93.dir/src.c.o  -o cmTC_33d93 
/usr/bin/ld: CMakeFiles/cmTC_33d93.dir/src.c.o: in function `main':
src.c:(.text+0x46): undefined reference to `pthread_create'
/usr/bin/ld: src.c:(.text+0x52): undefined reference to `pthread_detach'
/usr/bin/ld: src.c:(.text+0x63): undefined reference to `pthread_join'
collect2: error: ld returned 1 exit status
make[1]: *** [CMakeFiles/cmTC_33d93.dir/build.make:90：cmTC_33d93] 错误 1
make[1]: 离开目录“/home/skylar-xty/Add_Pan/ROS1/ROS--interaction-software-development/ROS-interaction/build/CMakeFiles/CMakeTmp”
make: *** [Makefile:124：cmTC_33d93/fast] 错误 2


Source file was:
#include <pthread.h>

void* test_func(void* data)
{
  return data;
}

int main(void)
{
  pthread_t thread;
  pthread_create(&thread, NULL, test_func, NULL);
  pthread_detach(thread);
  pthread_join(thread, NULL);
  pthread_atfork(NULL, NULL, NULL);
  pthread_exit(NULL);

  return 0;
}

Determining if the function pthread_create exists in the pthreads failed with the following output:
Change Dir: /home/skylar-xty/Add_Pan/ROS1/ROS--interaction-software-development/ROS-interaction/build/CMakeFiles/CMakeTmp

Run Build Command(s):/usr/bin/make cmTC_815f7/fast && /usr/bin/make  -f CMakeFiles/cmTC_815f7.dir/build.make CMakeFiles/cmTC_815f7.dir/build
make[1]: 进入目录“/home/skylar-xty/Add_Pan/ROS1/ROS--interaction-software-development/ROS-interaction/build/CMakeFiles/CMakeTmp”
Building C object CMakeFiles/cmTC_815f7.dir/CheckFunctionExists.c.o
/usr/bin/cc   -DCHECK_FUNCTION_EXISTS=pthread_create   -o CMakeFiles/cmTC_815f7.dir/CheckFunctionExists.c.o   -c /usr/local/share/cmake-3.16/Modules/CheckFunctionExists.c
Linking C executable cmTC_815f7
/usr/local/bin/cmake -E cmake_link_script CMakeFiles/cmTC_815f7.dir/link.txt --verbose=1
/usr/bin/cc  -DCHECK_FUNCTION_EXISTS=pthread_create    -rdynamic CMakeFiles/cmTC_815f7.dir/CheckFunctionExists.c.o  -o cmTC_815f7  -lpthreads 
/usr/bin/ld: 找不到 -lpthreads
collect2: error: ld returned 1 exit status
make[1]: *** [CMakeFiles/cmTC_815f7.dir/build.make:90：cmTC_815f7] 错误 1
make[1]: 离开目录“/home/skylar-xty/Add_Pan/ROS1/ROS--interaction-software-development/ROS-interaction/build/CMakeFiles/CMakeTmp”
make: *** [Makefile:124：cmTC_815f7/fast] 错误 2



